Unity Editor version:    6000.0.73f1 (a166abc3bf0e)
Branch:                  6000.0/respin/6000.0.73f1-3ad55a55f786
Build type:              Release
Batch mode:              YES
macOS version:           Version 26.4 (Build 25E246)
Darwin version:          25.4.0
Architecture:            arm64
Running under Rosetta:   NO
Available memory:        8192 MB
[Licensing::Module] Trying to connect to existing licensing client channel...
[Licensing::IpcConnector] Successfully connected to: "LicenseClient-qasimsimba" at "2026-04-20T05:24:32.858058Z"

COMMAND LINE ARGUMENTS:
/Applications/Unity/Hub/Editor/6000.0.73f1/Unity.app/Contents/MacOS/Unity
-adb2
-batchMode
-noUpm
-name
AssetImportWorker0
-projectPath
/Users/qasimsimba/Desktop/YouMustComeHome_QasimSimba
-logFile
Logs/AssetImportWorker0.log
-srvPort
49238
-licensingIpc
LicenseClient-qasimsimba
-job-worker-count
3
-background-job-worker-count
8
-gc-helper-count
1
-name AssetImport
Successfully changed project path to: /Users/qasimsimba/Desktop/YouMustComeHome_QasimSimba
/Users/qasimsimba/Desktop/YouMustComeHome_QasimSimba
[UnityMemory] Configuration Parameters - Can be set up in boot.config
    "memorysetup-bucket-allocator-granularity=16"
    "memorysetup-bucket-allocator-bucket-count=8"
    "memorysetup-bucket-allocator-block-size=33554432"
    "memorysetup-bucket-allocator-block-count=8"
    "memorysetup-main-allocator-block-size=16777216"
    "memorysetup-thread-allocator-block-size=16777216"
    "memorysetup-gfx-main-allocator-block-size=16777216"
    "memorysetup-gfx-thread-allocator-block-size=16777216"
    "memorysetup-cache-allocator-block-size=4194304"
    "memorysetup-typetree-allocator-block-size=2097152"
    "memorysetup-profiler-bucket-allocator-granularity=16"
    "memorysetup-profiler-bucket-allocator-bucket-count=8"
    "memorysetup-profiler-bucket-allocator-block-size=33554432"
    "memorysetup-profiler-bucket-allocator-block-count=8"
    "memorysetup-profiler-allocator-block-size=16777216"
    "memorysetup-profiler-editor-allocator-block-size=1048576"
    "memorysetup-temp-allocator-size-main=16777216"
    "memorysetup-job-temp-allocator-block-size=2097152"
    "memorysetup-job-temp-allocator-block-size-background=1048576"
    "memorysetup-job-temp-allocator-reduction-small-platforms=262144"
    "memorysetup-allocator-temp-initial-block-size-main=262144"
    "memorysetup-allocator-temp-initial-block-size-worker=262144"
    "memorysetup-temp-allocator-size-background-worker=32768"
    "memorysetup-temp-allocator-size-job-worker=262144"
    "memorysetup-temp-allocator-size-preload-manager=33554432"
    "memorysetup-temp-allocator-size-nav-mesh-worker=65536"
    "memorysetup-temp-allocator-size-audio-worker=65536"
    "memorysetup-temp-allocator-size-cloud-worker=32768"
    "memorysetup-temp-allocator-size-gi-baking-worker=262144"
    "memorysetup-temp-allocator-size-gi-baking-worker=262144"
    "memorysetup-temp-allocator-size-gi-baking-worker=262144"
    "memorysetup-temp-allocator-size-gi-baking-worker=262144"
    "memorysetup-temp-allocator-size-gi-baking-worker=262144"
    "memorysetup-temp-allocator-size-gfx=262144"
Player connection [8441239744]  Target information:

Player connection [8441239744]  * "[IP] 10.0.0.226 [Port] 0 [Flags] 2 [Guid] 1405066778 [EditorId] 1405066778 [Version] 1048832 [Id] OSXEditor(0,Qasims-MacBook-Pro) [Debug] 1 [PackageName] OSXEditor [ProjectName] Editor" 

Player connection [8441239744] Host joined multi-casting on [225.0.0.222:54997]...
Player connection [8441239744] Host joined alternative multi-casting on [225.0.0.222:34997]...
JobSystem: Creating JobQueue using job-worker-count value 3
Input System module state changed to: Initialized.
[Physics::Module] Initialized fallback backend.
[Physics::Module] Id: 0xdecafbad
Library Redirect Path: Library/
[Physics::Module] Selected backend.
[Physics::Module] Name: PhysX
[Physics::Module] Id: 0xf2b8ea05
[Physics::Module] SDK Version: 4.1.2
[Physics::Module] Integration Version: 1.0.0
[Physics::Module] Threading Mode: Multi-Threaded
Refreshing native plugins compatible for Editor in 0.00 ms, found 0 plugins.
Preloading 0 native plugins for Editor in 0.00 ms.
Initialize engine version: 6000.0.73f1 (a166abc3bf0e)
[Subsystems] Discovering subsystems at path /Applications/Unity/Hub/Editor/6000.0.73f1/Unity.app/Contents/Resources/UnitySubsystems
[Subsystems] Discovering subsystems at path /Users/qasimsimba/Desktop/YouMustComeHome_QasimSimba/Assets
GfxDevice: creating device client; kGfxThreadingModeNonThreaded
 preferred device: Apple M1 (high power)
Metal devices available: 1
0: Apple M1 (high power)
Using device Apple M1 (high power)
Initializing Metal device caps: Apple M1
Initialize mono
Mono path[0] = '/Applications/Unity/Hub/Editor/6000.0.73f1/Unity.app/Contents/Managed'
Mono path[1] = '/Applications/Unity/Hub/Editor/6000.0.73f1/Unity.app/Contents/MonoBleedingEdge/lib/mono/unityjit-macos'
Mono config path = '/Applications/Unity/Hub/Editor/6000.0.73f1/Unity.app/Contents/MonoBleedingEdge/etc'
Using monoOptions --debugger-agent=transport=dt_socket,embedding=1,server=y,suspend=n,address=127.0.0.1:56549
Begin MonoManager ReloadAssembly
[Licensing::Client] Handshaking with LicensingClient:
  Version:                 1.17.4+4293ba1
  Session Id:              701f7d7adfd74f38b57d491981fa5419
  Correlation Id:          15008b7b26d505c25c1590ec942d5ca7
  External correlation Id: 4951714657807672092
  Machine Id:              2p2icNUCKOpM49xvF8BfAn3szy0=
[Licensing::Module] Successfully connected to LicensingClient on channel: "LicenseClient-qasimsimba" (connect: 0.00s, validation: 0.00s, handshake: 1.31s)
[Licensing::IpcConnector] Successfully connected to: "LicenseClient-qasimsimba-notifications" at "2026-04-20T05:24:34.166934Z"
[Licensing::Module] Licensing Background thread has ended after 1.31s
Registering precompiled unity dll's ...
Register platform support module: /Applications/Unity/Hub/Editor/6000.0.73f1/Unity.app/Contents/PlaybackEngines/MacStandaloneSupport/UnityEditor.OSXStandalone.Extensions.dll
Register platform support module: /Applications/Unity/Hub/Editor/6000.0.73f1/PlaybackEngines/WindowsStandaloneSupport/UnityEditor.WindowsStandalone.Extensions.dll
Registered in 0.004211 seconds.
- Loaded All Assemblies, in  0.418 seconds
Native extension for WindowsStandalone target not found
Native extension for OSXStandalone target not found
Package Manager log level set to [2]
[Package Manager] Failed to launch server process. Reason: Unity was launched with the -noUpm command-line argument
[Package Manager] Unable to send message (not connected to server process).
[Package Manager] Cannot connect to Unity Package Manager local server
Mono: successfully reloaded assembly
- Finished resetting the current domain, in  0.350 seconds
Domain Reload Profiling: 769ms
	BeginReloadAssembly (135ms)
		ExecutionOrderSort (0ms)
		DisableScriptedObjects (0ms)
		BackupInstance (0ms)
		ReleaseScriptingObjects (0ms)
		CreateAndSetChildDomain (1ms)
	RebuildCommonClasses (42ms)
	RebuildNativeTypeToScriptingClass (16ms)
	initialDomainReloadingComplete (49ms)
	LoadAllAssembliesAndSetupDomain (175ms)
		LoadAssemblies (137ms)
		RebuildTransferFunctionScriptingTraits (0ms)
		AnalyzeDomain (170ms)
			TypeCache.Refresh (168ms)
				TypeCache.ScanAssembly (148ms)
			BuildScriptInfoCaches (0ms)
			ResolveRequiredComponents (1ms)
	FinalizeReload (351ms)
		ReleaseScriptCaches (0ms)
		RebuildScriptCaches (0ms)
		SetupLoadedEditorAssemblies (317ms)
			LogAssemblyErrors (0ms)
			InitializePlatformSupportModulesInManaged (80ms)
			SetLoadedEditorAssemblies (4ms)
			BeforeProcessingInitializeOnLoad (62ms)
			ProcessInitializeOnLoadAttributes (118ms)
			ProcessInitializeOnLoadMethodAttributes (53ms)
			AfterProcessingInitializeOnLoad (0ms)
			EditorAssembliesLoaded (0ms)
		ExecutionOrderSort2 (0ms)
		AwakeInstancesAfterBackupRestoration (0ms)
[CoreBusinessMetrics] Unexpected thread when updating session info.
========================================================================
Worker process is ready to serve import requests
Import Worker Mode flag is 0x00
Begin MonoManager ReloadAssembly
[Licensing::Client] Successfully resolved entitlement details
[Licensing::Module] License group:
  Id: 2474515801196-UnityPersXXXX
  Product: Unity Personal
  Type: Assigned
  Expiration: Unlimited
- Loaded All Assemblies, in  0.220 seconds
Refreshing native plugins compatible for Editor in 0.00 ms, found 0 plugins.
Native extension for WindowsStandalone target not found
Native extension for OSXStandalone target not found
[Package Manager] Failed to launch server process. Reason: Unity was launched with the -noUpm command-line argument
[Package Manager] Unable to send message (not connected to server process).
[Package Manager] Cannot connect to Unity Package Manager local server
Mono: successfully reloaded assembly
- Finished resetting the current domain, in  0.362 seconds
Domain Reload Profiling: 582ms
	BeginReloadAssembly (113ms)
		ExecutionOrderSort (0ms)
		DisableScriptedObjects (5ms)
		BackupInstance (0ms)
		ReleaseScriptingObjects (0ms)
		CreateAndSetChildDomain (19ms)
	RebuildCommonClasses (37ms)
	RebuildNativeTypeToScriptingClass (14ms)
	initialDomainReloadingComplete (15ms)
	LoadAllAssembliesAndSetupDomain (40ms)
		LoadAssemblies (62ms)
		RebuildTransferFunctionScriptingTraits (0ms)
		AnalyzeDomain (28ms)
			TypeCache.Refresh (18ms)
				TypeCache.ScanAssembly (12ms)
			BuildScriptInfoCaches (5ms)
			ResolveRequiredComponents (3ms)
	FinalizeReload (363ms)
		ReleaseScriptCaches (0ms)
		RebuildScriptCaches (0ms)
		SetupLoadedEditorAssemblies (251ms)
			LogAssemblyErrors (0ms)
			InitializePlatformSupportModulesInManaged (12ms)
			SetLoadedEditorAssemblies (5ms)
			BeforeProcessingInitializeOnLoad (77ms)
			ProcessInitializeOnLoadAttributes (131ms)
			ProcessInitializeOnLoadMethodAttributes (25ms)
			AfterProcessingInitializeOnLoad (2ms)
			EditorAssembliesLoaded (0ms)
		ExecutionOrderSort2 (0ms)
		AwakeInstancesAfterBackupRestoration (3ms)
Launching external process: /Applications/Unity/Hub/Editor/6000.0.73f1/Unity.app/Contents/Tools/UnityShaderCompiler
Launched and connected shader compiler UnityShaderCompiler after 0.28 seconds
Refreshing native plugins compatible for Editor in 0.00 ms, found 0 plugins.
Preloading 0 native plugins for Editor in 0.00 ms.
Unloading 13 Unused Serialized files (Serialized files now loaded: 0)
Unloading 629 unused Assets / (1.9 MB). Loaded Objects now: 1250.
Memory consumption went from 84.5 MB to 82.6 MB.
Total: 4.783250 ms (FindLiveObjects: 0.077834 ms CreateObjectMapping: 0.024417 ms MarkObjects: 4.218083 ms  DeleteObjects: 0.462125 ms)

========================================================================
Received Import Request.
  Time since last request: 1748.793384 seconds.
  path: Assets/BossAnimator.controller
  artifactKey: Guid(1e0c180878b014359857a9e1535c7380) Importer(815301076,1909f56bfc062723c751e8b465ee728b)
Start importing Assets/BossAnimator.controller using Guid(1e0c180878b014359857a9e1535c7380) Importer(815301076,1909f56bfc062723c751e8b465ee728b) (PreviewImporter) -> (artifact id: 'a9144611a2df93b4149826b03b8c0c4c') in 0.02479325 seconds
Number of updated asset objects reloaded before import = 0Number of asset objects unloaded after import = 2

========================================================================
Received Import Request.
  Time since last request: 58.511249 seconds.
  path: Assets/BossBrain.controller
  artifactKey: Guid(b63b84c2162a54bbe816db5a3afce9fd) Importer(815301076,1909f56bfc062723c751e8b465ee728b)
Start importing Assets/BossBrain.controller using Guid(b63b84c2162a54bbe816db5a3afce9fd) Importer(815301076,1909f56bfc062723c751e8b465ee728b) (PreviewImporter) -> (artifact id: '1fea36b9d6904fc9f074929632eff141') in 0.003018291 seconds
Number of updated asset objects reloaded before import = 0Number of asset objects unloaded after import = 4

========================================================================
Received Import Request.
  Time since last request: 909.912114 seconds.
  path: Assets/Scenes/StartScene.unity
  artifactKey: Guid(5080a6da864bb411ab85060a56fb0ca6) Importer(815301076,1909f56bfc062723c751e8b465ee728b)
Start importing Assets/Scenes/StartScene.unity using Guid(5080a6da864bb411ab85060a56fb0ca6) Importer(815301076,1909f56bfc062723c751e8b465ee728b) (PreviewImporter) -> (artifact id: 'db1e809593bc2b320d769fb11d93dab5') in 0.012548 seconds
Number of updated asset objects reloaded before import = 0Number of asset objects unloaded after import = 0

========================================================================
Received Import Request.
  Time since last request: 30.556180 seconds.
  path: Assets/Scenes/Level3.unity
  artifactKey: Guid(600feebb0fd2649bb8b91998af4adf3b) Importer(815301076,1909f56bfc062723c751e8b465ee728b)
Start importing Assets/Scenes/Level3.unity using Guid(600feebb0fd2649bb8b91998af4adf3b) Importer(815301076,1909f56bfc062723c751e8b465ee728b) (PreviewImporter) -> (artifact id: 'eda6b12db88a9d0c4d243ec0859e83d2') in 0.000940416 seconds
Number of updated asset objects reloaded before import = 0Number of asset objects unloaded after import = 0

========================================================================
Received Import Request.
  Time since last request: 4486.313202 seconds.
  path: Assets/Scenes/StartScene
  artifactKey: Guid(c769deaf98b4e4fb1bfcc044ce394390) Importer(815301076,1909f56bfc062723c751e8b465ee728b)
Start importing Assets/Scenes/StartScene using Guid(c769deaf98b4e4fb1bfcc044ce394390) Importer(815301076,1909f56bfc062723c751e8b465ee728b) (PreviewImporter) -> (artifact id: '27b776485baf33468e4dfc57cfa54268') in 0.034231916 seconds
Number of updated asset objects reloaded before import = 0Number of asset objects unloaded after import = 0

========================================================================
Received Import Request.
  Time since last request: 21.278961 seconds.
  path: Assets/InfinityPBR - Magic Pig Games
  artifactKey: Guid(f158541c3e25f446fac5befada4926ba) Importer(815301076,1909f56bfc062723c751e8b465ee728b)
Start importing Assets/InfinityPBR - Magic Pig Games using Guid(f158541c3e25f446fac5befada4926ba) Importer(815301076,1909f56bfc062723c751e8b465ee728b) (PreviewImporter) -> (artifact id: '3e5119dc0a3ad63f1a5d502a13b65095') in 0.000598208 seconds
Number of updated asset objects reloaded before import = 0Number of asset objects unloaded after import = 0

========================================================================
Received Import Request.
  Time since last request: 0.959864 seconds.
  path: Assets/InfinityPBR - Magic Pig Games/Projectile Factory
  artifactKey: Guid(5f2464f2c26a544c7ae5b2fabfd5108a) Importer(815301076,1909f56bfc062723c751e8b465ee728b)
Start importing Assets/InfinityPBR - Magic Pig Games/Projectile Factory using Guid(5f2464f2c26a544c7ae5b2fabfd5108a) Importer(815301076,1909f56bfc062723c751e8b465ee728b) (PreviewImporter) -> (artifact id: 'c85b31e0527d1c9baf928f382cb18b7a') in 0.000415917 seconds
Number of updated asset objects reloaded before import = 0Number of asset objects unloaded after import = 0

========================================================================
Received Import Request.
  Time since last request: 2.052243 seconds.
  path: Assets/InfinityPBR - Magic Pig Games/Projectile Factory/Asset Store Integrations
  artifactKey: Guid(af8b791d0cbb14b9c929a950f87fcce5) Importer(815301076,1909f56bfc062723c751e8b465ee728b)
Start importing Assets/InfinityPBR - Magic Pig Games/Projectile Factory/Asset Store Integrations using Guid(af8b791d0cbb14b9c929a950f87fcce5) Importer(815301076,1909f56bfc062723c751e8b465ee728b) (PreviewImporter) -> (artifact id: '7827edd669701b780af5e29f19076209') in 0.000455 seconds
Number of updated asset objects reloaded before import = 0Number of asset objects unloaded after import = 0

========================================================================
Received Import Request.
  Time since last request: 1.567265 seconds.
  path: Assets/InfinityPBR - Magic Pig Games/Projectile Factory/Asset Store Integrations/INTEGRATIONS READ ME.txt
  artifactKey: Guid(04345845b82eb41f8aeeeb09ace4f075) Importer(815301076,1909f56bfc062723c751e8b465ee728b)
Start importing Assets/InfinityPBR - Magic Pig Games/Projectile Factory/Asset Store Integrations/INTEGRATIONS READ ME.txt using Guid(04345845b82eb41f8aeeeb09ace4f075) Importer(815301076,1909f56bfc062723c751e8b465ee728b) (PreviewImporter) -> (artifact id: '6294063278c9c08adc09bdc46baa0b57') in 0.0068715 seconds
Number of updated asset objects reloaded before import = 0Number of asset objects unloaded after import = 1

========================================================================
Received Import Request.
  Time since last request: 3.698956 seconds.
  path: Assets/InfinityPBR - Magic Pig Games/Projectile Factory/Asset Store Integrations/HOVL - AAA Projectiles Vol 2
  artifactKey: Guid(ba6fe9cb696e246bc8e294ee56602d0c) Importer(815301076,1909f56bfc062723c751e8b465ee728b)
Start importing Assets/InfinityPBR - Magic Pig Games/Projectile Factory/Asset Store Integrations/HOVL - AAA Projectiles Vol 2 using Guid(ba6fe9cb696e246bc8e294ee56602d0c) Importer(815301076,1909f56bfc062723c751e8b465ee728b) (PreviewImporter) -> (artifact id: '427575957f8ada59ab5760abfafaa20c') in 0.000439 seconds
Number of updated asset objects reloaded before import = 0Number of asset objects unloaded after import = 0

========================================================================
Received Import Request.
  Time since last request: 3.833926 seconds.
  path: Assets/InfinityPBR - Magic Pig Games/Projectile Factory/Asset Store Integrations/HOVL - AAA Projectiles Vol 2/Projectiles
  artifactKey: Guid(1146540d656564c3fb97f92e68aa473c) Importer(815301076,1909f56bfc062723c751e8b465ee728b)
Start importing Assets/InfinityPBR - Magic Pig Games/Projectile Factory/Asset Store Integrations/HOVL - AAA Projectiles Vol 2/Projectiles using Guid(1146540d656564c3fb97f92e68aa473c) Importer(815301076,1909f56bfc062723c751e8b465ee728b) (PreviewImporter) -> (artifact id: '414776b70d80f25d82fad941a89a790a') in 0.000520125 seconds
Number of updated asset objects reloaded before import = 0Number of asset objects unloaded after import = 0

========================================================================
Received Import Request.
  Time since last request: 0.064554 seconds.
  path: Assets/InfinityPBR - Magic Pig Games/Projectile Factory/Asset Store Integrations/HOVL - AAA Projectiles Vol 2/Projectiles/AAA Projectiles Vol 2 - 1 nature.prefab
  artifactKey: Guid(c9bba59c3f7df4255a3eb0bd815bff92) Importer(815301076,1909f56bfc062723c751e8b465ee728b)
Start importing Assets/InfinityPBR - Magic Pig Games/Projectile Factory/Asset Store Integrations/HOVL - AAA Projectiles Vol 2/Projectiles/AAA Projectiles Vol 2 - 1 nature.prefab using Guid(c9bba59c3f7df4255a3eb0bd815bff92) Importer(815301076,1909f56bfc062723c751e8b465ee728b) (PreviewImporter) -> (artifact id: '8921b1c1b5c11859311259e865e2c831') in 0.370763542 seconds
Number of updated asset objects reloaded before import = 0Number of asset objects unloaded after import = 13

========================================================================
Received Import Request.
  Time since last request: 0.000083 seconds.
  path: Assets/InfinityPBR - Magic Pig Games/Projectile Factory/Asset Store Integrations/HOVL - AAA Projectiles Vol 2/Projectiles/AAA Projectiles Vol 2 - 9 trails.prefab
  artifactKey: Guid(dcdd92e24707e4fcc931a31256b09ccd) Importer(815301076,1909f56bfc062723c751e8b465ee728b)
Start importing Assets/InfinityPBR - Magic Pig Games/Projectile Factory/Asset Store Integrations/HOVL - AAA Projectiles Vol 2/Projectiles/AAA Projectiles Vol 2 - 9 trails.prefab using Guid(dcdd92e24707e4fcc931a31256b09ccd) Importer(815301076,1909f56bfc062723c751e8b465ee728b) (PreviewImporter) -> (artifact id: 'ccdf61cdcf184c43399b08d7ad56ecc6') in 0.010307 seconds
Number of updated asset objects reloaded before import = 0Number of asset objects unloaded after import = 22

========================================================================
Received Import Request.
  Time since last request: 0.000048 seconds.
  path: Assets/InfinityPBR - Magic Pig Games/Projectile Factory/Asset Store Integrations/HOVL - AAA Projectiles Vol 2/Projectiles/AAA Projectiles Vol 2 - 4 fire.prefab
  artifactKey: Guid(47a98983450e84f6d9d3dfda6c150e5b) Importer(815301076,1909f56bfc062723c751e8b465ee728b)
Start importing Assets/InfinityPBR - Magic Pig Games/Projectile Factory/Asset Store Integrations/HOVL - AAA Projectiles Vol 2/Projectiles/AAA Projectiles Vol 2 - 4 fire.prefab using Guid(47a98983450e84f6d9d3dfda6c150e5b) Importer(815301076,1909f56bfc062723c751e8b465ee728b) (PreviewImporter) -> (artifact id: 'da3a0fe8b09d4a6f31049426ff9e8f89') in 0.010132791 seconds
Number of updated asset objects reloaded before import = 0Number of asset objects unloaded after import = 30

========================================================================
Received Import Request.
  Time since last request: 0.000048 seconds.
  path: Assets/InfinityPBR - Magic Pig Games/Projectile Factory/Asset Store Integrations/HOVL - AAA Projectiles Vol 2/Projectiles/AAA Projectiles Vol 2 - 12 cuts.prefab
  artifactKey: Guid(48f82ed923463417fb8f0b84e8b00349) Importer(815301076,1909f56bfc062723c751e8b465ee728b)
Start importing Assets/InfinityPBR - Magic Pig Games/Projectile Factory/Asset Store Integrations/HOVL - AAA Projectiles Vol 2/Projectiles/AAA Projectiles Vol 2 - 12 cuts.prefab using Guid(48f82ed923463417fb8f0b84e8b00349) Importer(815301076,1909f56bfc062723c751e8b465ee728b) (PreviewImporter) -> (artifact id: 'e9d3e6c45f5e0926c8592a9d5104c3fd') in 0.007767041 seconds
Number of updated asset objects reloaded before import = 0Number of asset objects unloaded after import = 13

========================================================================
Received Import Request.
  Time since last request: 0.000046 seconds.
  path: Assets/InfinityPBR - Magic Pig Games/Projectile Factory/Asset Store Integrations/HOVL - AAA Projectiles Vol 2/Projectiles/AAA Projectiles Vol 2 - 11 bubbles.prefab
  artifactKey: Guid(b86f31f430dba49f79de81f441e9666a) Importer(815301076,1909f56bfc062723c751e8b465ee728b)
Start importing Assets/InfinityPBR - Magic Pig Games/Projectile Factory/Asset Store Integrations/HOVL - AAA Projectiles Vol 2/Projectiles/AAA Projectiles Vol 2 - 11 bubbles.prefab using Guid(b86f31f430dba49f79de81f441e9666a) Importer(815301076,1909f56bfc062723c751e8b465ee728b) (PreviewImporter) -> (artifact id: 'bd562df8c2db4fd8dfe1c5e699ad9446') in 0.00639975 seconds
Number of updated asset objects reloaded before import = 0Number of asset objects unloaded after import = 22

========================================================================
Received Import Request.
  Time since last request: 0.000091 seconds.
  path: Assets/InfinityPBR - Magic Pig Games/Projectile Factory/Asset Store Integrations/HOVL - AAA Projectiles Vol 2/Projectiles/AAA Projectiles Vol 2 - 22 star sky.prefab
  artifactKey: Guid(d770a62d774d545348dddfc024a9be2c) Importer(815301076,1909f56bfc062723c751e8b465ee728b)
Start importing Assets/InfinityPBR - Magic Pig Games/Projectile Factory/Asset Store Integrations/HOVL - AAA Projectiles Vol 2/Projectiles/AAA Projectiles Vol 2 - 22 star sky.prefab using Guid(d770a62d774d545348dddfc024a9be2c) Importer(815301076,1909f56bfc062723c751e8b465ee728b) (PreviewImporter) -> (artifact id: 'e9a409edcf55180fd7e8183198f38961') in 0.008195333 seconds
Number of updated asset objects reloaded before import = 0Number of asset objects unloaded after import = 22

========================================================================
Received Import Request.
  Time since last request: 0.000047 seconds.
  path: Assets/InfinityPBR - Magic Pig Games/Projectile Factory/Asset Store Integrations/HOVL - AAA Projectiles Vol 2/Projectiles/AAA Projectiles Vol 2 - 24 honey.prefab
  artifactKey: Guid(d074b891785234597be56c799c71258a) Importer(815301076,1909f56bfc062723c751e8b465ee728b)
Start importing Assets/InfinityPBR - Magic Pig Games/Projectile Factory/Asset Store Integrations/HOVL - AAA Projectiles Vol 2/Projectiles/AAA Projectiles Vol 2 - 24 honey.prefab using Guid(d074b891785234597be56c799c71258a) Importer(815301076,1909f56bfc062723c751e8b465ee728b) (PreviewImporter) -> (artifact id: '664ac13db27f44230668242ad8ee514d') in 0.00687275 seconds
Number of updated asset objects reloaded before import = 0Number of asset objects unloaded after import = 18

========================================================================
Received Import Request.
  Time since last request: 0.000071 seconds.
  path: Assets/InfinityPBR - Magic Pig Games/Projectile Factory/Asset Store Integrations/HOVL - AAA Projectiles Vol 2/Projectiles/AAA Projectiles Vol 2 - 16 star.prefab
  artifactKey: Guid(fb10aa0eb95614c7d9c702980bdac043) Importer(815301076,1909f56bfc062723c751e8b465ee728b)
Start importing Assets/InfinityPBR - Magic Pig Games/Projectile Factory/Asset Store Integrations/HOVL - AAA Projectiles Vol 2/Projectiles/AAA Projectiles Vol 2 - 16 star.prefab using Guid(fb10aa0eb95614c7d9c702980bdac043) Importer(815301076,1909f56bfc062723c751e8b465ee728b) (PreviewImporter) -> (artifact id: '576a305ead020aae64af9e66305ce52a') in 0.00671175 seconds
Number of updated asset objects reloaded before import = 0Number of asset objects unloaded after import = 21

========================================================================
Received Import Request.
  Time since last request: 0.000047 seconds.
  path: Assets/InfinityPBR - Magic Pig Games/Projectile Factory/Asset Store Integrations/HOVL - AAA Projectiles Vol 2/Projectiles/AAA Projectiles Vol 2 - 3 electro.prefab
  artifactKey: Guid(5adb1c6e2eb694122bdf3ec85f2f8967) Importer(815301076,1909f56bfc062723c751e8b465ee728b)
Start importing Assets/InfinityPBR - Magic Pig Games/Projectile Factory/Asset Store Integrations/HOVL - AAA Projectiles Vol 2/Projectiles/AAA Projectiles Vol 2 - 3 electro.prefab using Guid(5adb1c6e2eb694122bdf3ec85f2f8967) Importer(815301076,1909f56bfc062723c751e8b465ee728b) (PreviewImporter) -> (artifact id: '953fc8eb1b920f632fc308811a31142a') in 0.006993375 seconds
Number of updated asset objects reloaded before import = 0Number of asset objects unloaded after import = 13

========================================================================
Received Import Request.
  Time since last request: 0.000044 seconds.
  path: Assets/InfinityPBR - Magic Pig Games/Projectile Factory/Asset Store Integrations/HOVL - AAA Projectiles Vol 2/Projectiles/AAA Projectiles Vol 2 - 8 energy.prefab
  artifactKey: Guid(86c5cddebf0fc46b68221f2d2a84725e) Importer(815301076,1909f56bfc062723c751e8b465ee728b)
Start importing Assets/InfinityPBR - Magic Pig Games/Projectile Factory/Asset Store Integrations/HOVL - AAA Projectiles Vol 2/Projectiles/AAA Projectiles Vol 2 - 8 energy.prefab using Guid(86c5cddebf0fc46b68221f2d2a84725e) Importer(815301076,1909f56bfc062723c751e8b465ee728b) (PreviewImporter) -> (artifact id: 'ee797d42365ab1e0620dffbc180d4af1') in 0.01033975 seconds
Number of updated asset objects reloaded before import = 0Number of asset objects unloaded after import = 34

========================================================================
Received Import Request.
  Time since last request: 0.000062 seconds.
  path: Assets/InfinityPBR - Magic Pig Games/Projectile Factory/Asset Store Integrations/HOVL - AAA Projectiles Vol 2/Projectiles/AAA Projectiles Vol 2 - 6 magic.prefab
  artifactKey: Guid(7d0e18725d20f4f40912041c579d89d5) Importer(815301076,1909f56bfc062723c751e8b465ee728b)
Start importing Assets/InfinityPBR - Magic Pig Games/Projectile Factory/Asset Store Integrations/HOVL - AAA Projectiles Vol 2/Projectiles/AAA Projectiles Vol 2 - 6 magic.prefab using Guid(7d0e18725d20f4f40912041c579d89d5) Importer(815301076,1909f56bfc062723c751e8b465ee728b) (PreviewImporter) -> (artifact id: '1ce5bf8ab67c5ea153a380bd30d45407') in 0.007060333 seconds
Number of updated asset objects reloaded before import = 0Number of asset objects unloaded after import = 18

========================================================================
Received Import Request.
  Time since last request: 0.000061 seconds.
  path: Assets/InfinityPBR - Magic Pig Games/Projectile Factory/Asset Store Integrations/HOVL - AAA Projectiles Vol 2/Projectiles/AAA Projectiles Vol 2 - 25 yellow.prefab
  artifactKey: Guid(82e5e3226dc62413180a40617064cd06) Importer(815301076,1909f56bfc062723c751e8b465ee728b)
Start importing Assets/InfinityPBR - Magic Pig Games/Projectile Factory/Asset Store Integrations/HOVL - AAA Projectiles Vol 2/Projectiles/AAA Projectiles Vol 2 - 25 yellow.prefab using Guid(82e5e3226dc62413180a40617064cd06) Importer(815301076,1909f56bfc062723c751e8b465ee728b) (PreviewImporter) -> (artifact id: 'd1e5acfe99dc07861914d5778d050e33') in 0.548939125 seconds
Number of updated asset objects reloaded before import = 0Number of asset objects unloaded after import = 12

========================================================================
Received Import Request.
  Time since last request: 0.000043 seconds.
  path: Assets/InfinityPBR - Magic Pig Games/Projectile Factory/Asset Store Integrations/HOVL - AAA Projectiles Vol 2/Projectiles/AAA Projectiles Vol 2 - 21 green.prefab
  artifactKey: Guid(6bd816268d00a492099dc958b2e4efc2) Importer(815301076,1909f56bfc062723c751e8b465ee728b)
Start importing Assets/InfinityPBR - Magic Pig Games/Projectile Factory/Asset Store Integrations/HOVL - AAA Projectiles Vol 2/Projectiles/AAA Projectiles Vol 2 - 21 green.prefab using Guid(6bd816268d00a492099dc958b2e4efc2) Importer(815301076,1909f56bfc062723c751e8b465ee728b) (PreviewImporter) -> (artifact id: '0720dcefccbc19eef5084c21fea80413') in 0.0072345 seconds
Number of updated asset objects reloaded before import = 0Number of asset objects unloaded after import = 33

========================================================================
Received Import Request.
  Time since last request: 0.000085 seconds.
  path: Assets/InfinityPBR - Magic Pig Games/Projectile Factory/Asset Store Integrations/HOVL - AAA Projectiles Vol 2/Projectiles/AAA Projectiles Vol 2 - 10 acid.prefab
  artifactKey: Guid(fe14f7208e8de41d096a9370becf4b40) Importer(815301076,1909f56bfc062723c751e8b465ee728b)
Start importing Assets/InfinityPBR - Magic Pig Games/Projectile Factory/Asset Store Integrations/HOVL - AAA Projectiles Vol 2/Projectiles/AAA Projectiles Vol 2 - 10 acid.prefab using Guid(fe14f7208e8de41d096a9370becf4b40) Importer(815301076,1909f56bfc062723c751e8b465ee728b) (PreviewImporter) -> (artifact id: '5f7200d0eaa05bdae8e105d397102c07') in 0.006934916 seconds
Number of updated asset objects reloaded before import = 0Number of asset objects unloaded after import = 22

========================================================================
Received Import Request.
  Time since last request: 0.000067 seconds.
  path: Assets/InfinityPBR - Magic Pig Games/Projectile Factory/Asset Store Integrations/HOVL - AAA Projectiles Vol 2/Projectiles/AAA Projectiles Vol 2 - 17 heal.prefab
  artifactKey: Guid(bfc170ea6b13548a889373aeb5fa8529) Importer(815301076,1909f56bfc062723c751e8b465ee728b)
Start importing Assets/InfinityPBR - Magic Pig Games/Projectile Factory/Asset Store Integrations/HOVL - AAA Projectiles Vol 2/Projectiles/AAA Projectiles Vol 2 - 17 heal.prefab using Guid(bfc170ea6b13548a889373aeb5fa8529) Importer(815301076,1909f56bfc062723c751e8b465ee728b) (PreviewImporter) -> (artifact id: '301ecb4ac77b1972d661cef3830826a9') in 0.008082125 seconds
Number of updated asset objects reloaded before import = 0Number of asset objects unloaded after import = 22

========================================================================
Received Import Request.
  Time since last request: 0.000051 seconds.
  path: Assets/InfinityPBR - Magic Pig Games/Projectile Factory/Asset Store Integrations/HOVL - AAA Projectiles Vol 2/Projectiles/AAA Projectiles Vol 2 - 23 green.prefab
  artifactKey: Guid(42165137823724ec6b60c06a1193ff2c) Importer(815301076,1909f56bfc062723c751e8b465ee728b)
Start importing Assets/InfinityPBR - Magic Pig Games/Projectile Factory/Asset Store Integrations/HOVL - AAA Projectiles Vol 2/Projectiles/AAA Projectiles Vol 2 - 23 green.prefab using Guid(42165137823724ec6b60c06a1193ff2c) Importer(815301076,1909f56bfc062723c751e8b465ee728b) (PreviewImporter) -> (artifact id: 'b60fa2fb50c6eb46533d3aa6ad836c67') in 0.008199542 seconds
Number of updated asset objects reloaded before import = 0Number of asset objects unloaded after import = 30

========================================================================
Received Import Request.
  Time since last request: 54.273407 seconds.
  path: Assets/InfinityPBR - Magic Pig Games/Projectile Factory/Asset Store Integrations/HOVL - AAA Projectiles Vol 2/Prefabs
  artifactKey: Guid(bbefeef56846440c690eca7a2843e028) Importer(815301076,1909f56bfc062723c751e8b465ee728b)
Start importing Assets/InfinityPBR - Magic Pig Games/Projectile Factory/Asset Store Integrations/HOVL - AAA Projectiles Vol 2/Prefabs using Guid(bbefeef56846440c690eca7a2843e028) Importer(815301076,1909f56bfc062723c751e8b465ee728b) (PreviewImporter) -> (artifact id: '086fc22929352316cae0267cea873cce') in 0.002040291 seconds
Number of updated asset objects reloaded before import = 0Number of asset objects unloaded after import = 0

========================================================================
Received Import Request.
  Time since last request: 0.090275 seconds.
  path: Assets/InfinityPBR - Magic Pig Games/Projectile Factory/Asset Store Integrations/HOVL - AAA Projectiles Vol 2/Prefabs/Demo Actor (PLAYER) - AAA Projectiels Vol.2.prefab
  artifactKey: Guid(ed90af1fa0e1946d9a6aee617d21a7c5) Importer(815301076,1909f56bfc062723c751e8b465ee728b)
Start importing Assets/InfinityPBR - Magic Pig Games/Projectile Factory/Asset Store Integrations/HOVL - AAA Projectiles Vol 2/Prefabs/Demo Actor (PLAYER) - AAA Projectiels Vol.2.prefab using Guid(ed90af1fa0e1946d9a6aee617d21a7c5) Importer(815301076,1909f56bfc062723c751e8b465ee728b) (PreviewImporter) -> (artifact id: '5240b1d4092f83c9e75bc895e85ba7e6') in 0.048601792 seconds
Number of updated asset objects reloaded before import = 0Number of asset objects unloaded after import = 31

========================================================================
Received Prepare
Begin MonoManager ReloadAssembly
[Licensing::Client] Successfully resolved entitlement details
Thread 0x16f3bb000 may have been prematurely finalized
- Loaded All Assemblies, in  0.262 seconds
Refreshing native plugins compatible for Editor in 0.00 ms, found 0 plugins.
Native extension for WindowsStandalone target not found
Native extension for OSXStandalone target not found
[Package Manager] Failed to launch server process. Reason: Unity was launched with the -noUpm command-line argument
[Package Manager] Unable to send message (not connected to server process).
[Package Manager] Cannot connect to Unity Package Manager local server
Mono: successfully reloaded assembly
- Finished resetting the current domain, in  0.488 seconds
Domain Reload Profiling: 751ms
	BeginReloadAssembly (161ms)
		ExecutionOrderSort (0ms)
		DisableScriptedObjects (7ms)
		BackupInstance (0ms)
		ReleaseScriptingObjects (0ms)
		CreateAndSetChildDomain (36ms)
	RebuildCommonClasses (37ms)
	RebuildNativeTypeToScriptingClass (14ms)
	initialDomainReloadingComplete (18ms)
	LoadAllAssembliesAndSetupDomain (32ms)
		LoadAssemblies (76ms)
		RebuildTransferFunctionScriptingTraits (0ms)
		AnalyzeDomain (25ms)
			TypeCache.Refresh (6ms)
				TypeCache.ScanAssembly (0ms)
			BuildScriptInfoCaches (14ms)
			ResolveRequiredComponents (3ms)
	FinalizeReload (489ms)
		ReleaseScriptCaches (0ms)
		RebuildScriptCaches (0ms)
		SetupLoadedEditorAssemblies (353ms)
			LogAssemblyErrors (0ms)
			InitializePlatformSupportModulesInManaged (14ms)
			SetLoadedEditorAssemblies (5ms)
			BeforeProcessingInitializeOnLoad (87ms)
			ProcessInitializeOnLoadAttributes (200ms)
			ProcessInitializeOnLoadMethodAttributes (45ms)
			AfterProcessingInitializeOnLoad (2ms)
			EditorAssembliesLoaded (0ms)
		ExecutionOrderSort2 (0ms)
		AwakeInstancesAfterBackupRestoration (5ms)
Refreshing native plugins compatible for Editor in 0.00 ms, found 0 plugins.
Preloading 0 native plugins for Editor in 0.00 ms.
Unloading 13 Unused Serialized files (Serialized files now loaded: 0)
Unloading 629 unused Assets / (1.7 MB). Loaded Objects now: 1264.
Memory consumption went from 89.1 MB to 87.4 MB.
Total: 4.888791 ms (FindLiveObjects: 0.077083 ms CreateObjectMapping: 0.024584 ms MarkObjects: 4.379625 ms  DeleteObjects: 0.406791 ms)

Prepare: number of updated asset objects reloaded= 0
========================================================================
Received Import Request.
  Time since last request: 67.462680 seconds.
  path: Assets/Abiogenesis3d/Campfire/Audio/Campfire.wav
  artifactKey: Guid(cf83f81897e4397409fbe5f426c396d3) Importer(815301076,1909f56bfc062723c751e8b465ee728b)
Start importing Assets/Abiogenesis3d/Campfire/Audio/Campfire.wav using Guid(cf83f81897e4397409fbe5f426c396d3) Importer(815301076,1909f56bfc062723c751e8b465ee728b) (PreviewImporter) -> (artifact id: '31c6831d3b99bff0e15b0957d79c30e2') in 0.21269375 seconds
Number of updated asset objects reloaded before import = 0Number of asset objects unloaded after import = 2

========================================================================
Received Import Request.
  Time since last request: 0.761344 seconds.
  path: Assets/Prefabs/#NVJOB Slender/Slender/Sounds/Slender.ogg
  artifactKey: Guid(0d3e58bb90924afba39e665277b5f80a) Importer(815301076,1909f56bfc062723c751e8b465ee728b)
Start importing Assets/Prefabs/#NVJOB Slender/Slender/Sounds/Slender.ogg using Guid(0d3e58bb90924afba39e665277b5f80a) Importer(815301076,1909f56bfc062723c751e8b465ee728b) (PreviewImporter) -> (artifact id: 'ad4705584ec8ce9167796c2a2a43ba89') in 0.013771708 seconds
Number of updated asset objects reloaded before import = 0Number of asset objects unloaded after import = 2

========================================================================
Received Import Request.
  Time since last request: 293.912475 seconds.
  path: Assets/Prefabs/AAA Projectiles Vol 2 - 4 fire.prefab
  artifactKey: Guid(0d0bc694e04c34bd49fe0aef02116000) Importer(815301076,1909f56bfc062723c751e8b465ee728b)
Start importing Assets/Prefabs/AAA Projectiles Vol 2 - 4 fire.prefab using Guid(0d0bc694e04c34bd49fe0aef02116000) Importer(815301076,1909f56bfc062723c751e8b465ee728b) (PreviewImporter) -> (artifact id: 'f9781b718bc30cf5285eef681231d889') in 0.059363459 seconds
Number of updated asset objects reloaded before import = 0Number of asset objects unloaded after import = 28

========================================================================
Received Import Request.
  Time since last request: 8.897912 seconds.
  path: Assets/Prefabs/AAA Projectiles Vol 2 - 4 fire Variant.prefab
  artifactKey: Guid(4f7e096ef4a2145a8906f546db9ef4a7) Importer(815301076,1909f56bfc062723c751e8b465ee728b)
Start importing Assets/Prefabs/AAA Projectiles Vol 2 - 4 fire Variant.prefab using Guid(4f7e096ef4a2145a8906f546db9ef4a7) Importer(815301076,1909f56bfc062723c751e8b465ee728b) (PreviewImporter) -> (artifact id: 'f57f11636457cb290cfc9ee8525570ea') in 0.011305167 seconds
Number of updated asset objects reloaded before import = 0Number of asset objects unloaded after import = 57

========================================================================
Received Import Request.
  Time since last request: 32.358852 seconds.
  path: Assets/Prefabs/AAA Projectiles Vol 2 - 4 fire.prefab
  artifactKey: Guid(0d0bc694e04c34bd49fe0aef02116000) Importer(815301076,1909f56bfc062723c751e8b465ee728b)
Start importing Assets/Prefabs/AAA Projectiles Vol 2 - 4 fire.prefab using Guid(0d0bc694e04c34bd49fe0aef02116000) Importer(815301076,1909f56bfc062723c751e8b465ee728b) (PreviewImporter) -> (artifact id: '24e3dbfa460ea1148c18ad7ed2d712c7') in 0.0204895 seconds
Number of updated asset objects reloaded before import = 0Number of asset objects unloaded after import = 28

========================================================================
Received Import Request.
  Time since last request: 25.836151 seconds.
  path: Assets/Prefabs/AAA Projectiles Vol 2 - 4 fire.prefab
  artifactKey: Guid(0d0bc694e04c34bd49fe0aef02116000) Importer(815301076,1909f56bfc062723c751e8b465ee728b)
Start importing Assets/Prefabs/AAA Projectiles Vol 2 - 4 fire.prefab using Guid(0d0bc694e04c34bd49fe0aef02116000) Importer(815301076,1909f56bfc062723c751e8b465ee728b) (PreviewImporter) -> (artifact id: '640b16443aa04857ff05e7ca2bcc5c34') in 0.007540541 seconds
Number of updated asset objects reloaded before import = 0Number of asset objects unloaded after import = 29

========================================================================
Received Import Request.
  Time since last request: 2.158344 seconds.
  path: Assets/Prefabs/AAA Projectiles Vol 2 - 4 fire.prefab
  artifactKey: Guid(0d0bc694e04c34bd49fe0aef02116000) Importer(815301076,1909f56bfc062723c751e8b465ee728b)
Start importing Assets/Prefabs/AAA Projectiles Vol 2 - 4 fire.prefab using Guid(0d0bc694e04c34bd49fe0aef02116000) Importer(815301076,1909f56bfc062723c751e8b465ee728b) (PreviewImporter) -> (artifact id: 'f17d907bfef57cbf0ac9f7e6564d4f09') in 0.00724825 seconds
Number of updated asset objects reloaded before import = 0Number of asset objects unloaded after import = 29

========================================================================
Received Import Request.
  Time since last request: 82.444039 seconds.
  path: ProjectSettings/TagManager.asset
  artifactKey: Guid(00000000000000003000000000000000) Importer(815301076,1909f56bfc062723c751e8b465ee728b)
Start importing ProjectSettings/TagManager.asset using Guid(00000000000000003000000000000000) Importer(815301076,1909f56bfc062723c751e8b465ee728b) (PreviewImporter) -> (artifact id: 'd8f78799eb63efe6c9689ab253b44872') in 0.007236333 seconds
Number of updated asset objects reloaded before import = 0Number of asset objects unloaded after import = 0

========================================================================
Received Import Request.
  Time since last request: 11.138477 seconds.
  path: Assets/Prefabs/AAA Projectiles Vol 2 - 4 fire.prefab
  artifactKey: Guid(0d0bc694e04c34bd49fe0aef02116000) Importer(815301076,1909f56bfc062723c751e8b465ee728b)
Start importing Assets/Prefabs/AAA Projectiles Vol 2 - 4 fire.prefab using Guid(0d0bc694e04c34bd49fe0aef02116000) Importer(815301076,1909f56bfc062723c751e8b465ee728b) (PreviewImporter) -> (artifact id: '4bac4454b935e21de049c1f0f3449fce') in 0.016457 seconds
Number of updated asset objects reloaded before import = 0Number of asset objects unloaded after import = 29

========================================================================
Received Prepare
Refreshing native plugins compatible for Editor in 0.00 ms, found 0 plugins.
Preloading 0 native plugins for Editor in 0.00 ms.
Unloading 13 Unused Serialized files (Serialized files now loaded: 0)
Unloading 629 unused Assets / (1.8 MB). Loaded Objects now: 1268.
Memory consumption went from 76.7 MB to 74.9 MB.
Total: 13.219334 ms (FindLiveObjects: 0.127000 ms CreateObjectMapping: 0.026000 ms MarkObjects: 12.644041 ms  DeleteObjects: 0.421750 ms)

Prepare: number of updated asset objects reloaded= 0
========================================================================
Received Prepare
Begin MonoManager ReloadAssembly
[Licensing::Client] Successfully resolved entitlement details
Thread 0x16f3bb000 may have been prematurely finalized
- Loaded All Assemblies, in  0.273 seconds
Refreshing native plugins compatible for Editor in 0.00 ms, found 0 plugins.
Native extension for WindowsStandalone target not found
Native extension for OSXStandalone target not found
[Package Manager] Failed to launch server process. Reason: Unity was launched with the -noUpm command-line argument
[Package Manager] Unable to send message (not connected to server process).
[Package Manager] Cannot connect to Unity Package Manager local server
Mono: successfully reloaded assembly
- Finished resetting the current domain, in  0.453 seconds
Domain Reload Profiling: 727ms
	BeginReloadAssembly (169ms)
		ExecutionOrderSort (0ms)
		DisableScriptedObjects (7ms)
		BackupInstance (0ms)
		ReleaseScriptingObjects (0ms)
		CreateAndSetChildDomain (34ms)
	RebuildCommonClasses (38ms)
	RebuildNativeTypeToScriptingClass (15ms)
	initialDomainReloadingComplete (18ms)
	LoadAllAssembliesAndSetupDomain (33ms)
		LoadAssemblies (72ms)
		RebuildTransferFunctionScriptingTraits (0ms)
		AnalyzeDomain (27ms)
			TypeCache.Refresh (8ms)
				TypeCache.ScanAssembly (2ms)
			BuildScriptInfoCaches (13ms)
			ResolveRequiredComponents (3ms)
	FinalizeReload (454ms)
		ReleaseScriptCaches (0ms)
		RebuildScriptCaches (0ms)
		SetupLoadedEditorAssemblies (301ms)
			LogAssemblyErrors (0ms)
			InitializePlatformSupportModulesInManaged (14ms)
			SetLoadedEditorAssemblies (5ms)
			BeforeProcessingInitializeOnLoad (85ms)
			ProcessInitializeOnLoadAttributes (154ms)
			ProcessInitializeOnLoadMethodAttributes (42ms)
			AfterProcessingInitializeOnLoad (1ms)
			EditorAssembliesLoaded (0ms)
		ExecutionOrderSort2 (0ms)
		AwakeInstancesAfterBackupRestoration (7ms)
Refreshing native plugins compatible for Editor in 0.00 ms, found 0 plugins.
Preloading 0 native plugins for Editor in 0.00 ms.
Unloading 13 Unused Serialized files (Serialized files now loaded: 0)
Unloading 628 unused Assets / (1.6 MB). Loaded Objects now: 1267.
Memory consumption went from 79.0 MB to 77.4 MB.
Total: 7.552750 ms (FindLiveObjects: 0.092666 ms CreateObjectMapping: 0.037792 ms MarkObjects: 6.925916 ms  DeleteObjects: 0.495333 ms)

Prepare: number of updated asset objects reloaded= 0
========================================================================
Received Import Request.
  Time since last request: 47.071264 seconds.
  path: Assets/Prefabs/AAA Projectiles Vol 2 - 4 fire.prefab
  artifactKey: Guid(0d0bc694e04c34bd49fe0aef02116000) Importer(815301076,1909f56bfc062723c751e8b465ee728b)
Start importing Assets/Prefabs/AAA Projectiles Vol 2 - 4 fire.prefab using Guid(0d0bc694e04c34bd49fe0aef02116000) Importer(815301076,1909f56bfc062723c751e8b465ee728b) (PreviewImporter) -> (artifact id: '09490bed85bc16d6df8acdf6b2063d6d') in 0.099272208 seconds
Number of updated asset objects reloaded before import = 0Number of asset objects unloaded after import = 30

========================================================================
Received Prepare
Refreshing native plugins compatible for Editor in 0.00 ms, found 0 plugins.
Preloading 0 native plugins for Editor in 0.00 ms.
Unloading 13 Unused Serialized files (Serialized files now loaded: 0)
Unloading 628 unused Assets / (1.6 MB). Loaded Objects now: 1268.
Memory consumption went from 77.1 MB to 75.5 MB.
Total: 14.155667 ms (FindLiveObjects: 0.142375 ms CreateObjectMapping: 0.026834 ms MarkObjects: 13.535625 ms  DeleteObjects: 0.450375 ms)

Prepare: number of updated asset objects reloaded= 0
========================================================================
Received Prepare
Refreshing native plugins compatible for Editor in 0.00 ms, found 0 plugins.
Preloading 0 native plugins for Editor in 0.00 ms.
Unloading 13 Unused Serialized files (Serialized files now loaded: 0)
Unloading 629 unused Assets / (1.6 MB). Loaded Objects now: 1269.
Memory consumption went from 76.5 MB to 74.9 MB.
Total: 21.945166 ms (FindLiveObjects: 0.154083 ms CreateObjectMapping: 0.026250 ms MarkObjects: 21.378792 ms  DeleteObjects: 0.385833 ms)

Prepare: number of updated asset objects reloaded= 0
========================================================================
Received Prepare
Refreshing native plugins compatible for Editor in 0.00 ms, found 0 plugins.
Preloading 0 native plugins for Editor in 0.00 ms.
Unloading 13 Unused Serialized files (Serialized files now loaded: 0)
Unloading 629 unused Assets / (1.5 MB). Loaded Objects now: 1269.
Memory consumption went from 76.4 MB to 74.9 MB.
Total: 25.252417 ms (FindLiveObjects: 0.134000 ms CreateObjectMapping: 0.025000 ms MarkObjects: 24.704875 ms  DeleteObjects: 0.387625 ms)

Prepare: number of updated asset objects reloaded= 0
========================================================================
Received Prepare
Refreshing native plugins compatible for Editor in 0.00 ms, found 0 plugins.
Preloading 0 native plugins for Editor in 0.00 ms.
Unloading 13 Unused Serialized files (Serialized files now loaded: 0)
Unloading 629 unused Assets / (1.5 MB). Loaded Objects now: 1269.
Memory consumption went from 76.5 MB to 74.9 MB.
Total: 13.036584 ms (FindLiveObjects: 0.136959 ms CreateObjectMapping: 0.025500 ms MarkObjects: 12.508583 ms  DeleteObjects: 0.365292 ms)

Prepare: number of updated asset objects reloaded= 0
========================================================================
Received Prepare
Refreshing native plugins compatible for Editor in 0.00 ms, found 0 plugins.
Preloading 0 native plugins for Editor in 0.00 ms.
Unloading 13 Unused Serialized files (Serialized files now loaded: 0)
Unloading 630 unused Assets / (1.5 MB). Loaded Objects now: 1270.
Memory consumption went from 76.4 MB to 74.9 MB.
Total: 20.357334 ms (FindLiveObjects: 0.137084 ms CreateObjectMapping: 0.025791 ms MarkObjects: 19.821417 ms  DeleteObjects: 0.372542 ms)

Prepare: number of updated asset objects reloaded= 0
========================================================================
Received Prepare
Begin MonoManager ReloadAssembly
[Licensing::Client] Successfully resolved entitlement details
Thread 0x16f3bb000 may have been prematurely finalized
- Loaded All Assemblies, in  0.327 seconds
Refreshing native plugins compatible for Editor in 0.00 ms, found 0 plugins.
Native extension for WindowsStandalone target not found
Native extension for OSXStandalone target not found
[Package Manager] Failed to launch server process. Reason: Unity was launched with the -noUpm command-line argument
[Package Manager] Unable to send message (not connected to server process).
[Package Manager] Cannot connect to Unity Package Manager local server
Mono: successfully reloaded assembly
- Finished resetting the current domain, in  0.596 seconds
Domain Reload Profiling: 924ms
	BeginReloadAssembly (199ms)
		ExecutionOrderSort (0ms)
		DisableScriptedObjects (7ms)
		BackupInstance (0ms)
		ReleaseScriptingObjects (0ms)
		CreateAndSetChildDomain (35ms)
	RebuildCommonClasses (43ms)
	RebuildNativeTypeToScriptingClass (18ms)
	initialDomainReloadingComplete (24ms)
	LoadAllAssembliesAndSetupDomain (43ms)
		LoadAssemblies (107ms)
		RebuildTransferFunctionScriptingTraits (0ms)
		AnalyzeDomain (31ms)
			TypeCache.Refresh (11ms)
				TypeCache.ScanAssembly (1ms)
			BuildScriptInfoCaches (14ms)
			ResolveRequiredComponents (3ms)
	FinalizeReload (596ms)
		ReleaseScriptCaches (0ms)
		RebuildScriptCaches (0ms)
		SetupLoadedEditorAssemblies (451ms)
			LogAssemblyErrors (0ms)
			InitializePlatformSupportModulesInManaged (16ms)
			SetLoadedEditorAssemblies (5ms)
			BeforeProcessingInitializeOnLoad (122ms)
			ProcessInitializeOnLoadAttributes (260ms)
			ProcessInitializeOnLoadMethodAttributes (46ms)
			AfterProcessingInitializeOnLoad (1ms)
			EditorAssembliesLoaded (0ms)
		ExecutionOrderSort2 (0ms)
		AwakeInstancesAfterBackupRestoration (7ms)
Refreshing native plugins compatible for Editor in 0.00 ms, found 0 plugins.
Preloading 0 native plugins for Editor in 0.00 ms.
Unloading 13 Unused Serialized files (Serialized files now loaded: 0)
Unloading 630 unused Assets / (1.8 MB). Loaded Objects now: 1269.
Memory consumption went from 79.0 MB to 77.2 MB.
Total: 5.991667 ms (FindLiveObjects: 0.081875 ms CreateObjectMapping: 0.032958 ms MarkObjects: 5.252250 ms  DeleteObjects: 0.624167 ms)

Prepare: number of updated asset objects reloaded= 0
========================================================================
Received Prepare
Refreshing native plugins compatible for Editor in 0.00 ms, found 0 plugins.
Preloading 0 native plugins for Editor in 0.00 ms.
Unloading 13 Unused Serialized files (Serialized files now loaded: 0)
Unloading 630 unused Assets / (1.6 MB). Loaded Objects now: 1269.
Memory consumption went from 76.3 MB to 74.7 MB.
Total: 11.686292 ms (FindLiveObjects: 0.138625 ms CreateObjectMapping: 0.026083 ms MarkObjects: 11.107708 ms  DeleteObjects: 0.413417 ms)

Prepare: number of updated asset objects reloaded= 0
========================================================================
Received Import Request.
  Time since last request: 561.635790 seconds.
  path: Assets/Prefabs/AAA Projectiles Vol 2 - 4 fire.prefab
  artifactKey: Guid(0d0bc694e04c34bd49fe0aef02116000) Importer(815301076,1909f56bfc062723c751e8b465ee728b)
Start importing Assets/Prefabs/AAA Projectiles Vol 2 - 4 fire.prefab using Guid(0d0bc694e04c34bd49fe0aef02116000) Importer(815301076,1909f56bfc062723c751e8b465ee728b) (PreviewImporter) -> (artifact id: '98d5fcc296b10657c329ceef5849c3ac') in 0.119190667 seconds
Number of updated asset objects reloaded before import = 0Number of asset objects unloaded after import = 30

========================================================================
Received Prepare
Refreshing native plugins compatible for Editor in 0.00 ms, found 0 plugins.
Preloading 0 native plugins for Editor in 0.00 ms.
Unloading 13 Unused Serialized files (Serialized files now loaded: 0)
Unloading 630 unused Assets / (1.8 MB). Loaded Objects now: 1270.
Memory consumption went from 76.5 MB to 74.7 MB.
Total: 22.550041 ms (FindLiveObjects: 0.129458 ms CreateObjectMapping: 0.025875 ms MarkObjects: 22.017584 ms  DeleteObjects: 0.376875 ms)

Prepare: number of updated asset objects reloaded= 0
========================================================================
Received Prepare
Begin MonoManager ReloadAssembly
[Licensing::Client] Successfully resolved entitlement details
Thread 0x16f3bb000 may have been prematurely finalized
- Loaded All Assemblies, in  0.314 seconds
Refreshing native plugins compatible for Editor in 0.00 ms, found 0 plugins.
Native extension for WindowsStandalone target not found
Native extension for OSXStandalone target not found
[Package Manager] Failed to launch server process. Reason: Unity was launched with the -noUpm command-line argument
[Package Manager] Unable to send message (not connected to server process).
[Package Manager] Cannot connect to Unity Package Manager local server
Mono: successfully reloaded assembly
- Finished resetting the current domain, in  0.526 seconds
Domain Reload Profiling: 841ms
	BeginReloadAssembly (191ms)
		ExecutionOrderSort (0ms)
		DisableScriptedObjects (8ms)
		BackupInstance (0ms)
		ReleaseScriptingObjects (0ms)
		CreateAndSetChildDomain (38ms)
	RebuildCommonClasses (43ms)
	RebuildNativeTypeToScriptingClass (17ms)
	initialDomainReloadingComplete (25ms)
	LoadAllAssembliesAndSetupDomain (39ms)
		LoadAssemblies (91ms)
		RebuildTransferFunctionScriptingTraits (0ms)
		AnalyzeDomain (32ms)
			TypeCache.Refresh (13ms)
				TypeCache.ScanAssembly (1ms)
			BuildScriptInfoCaches (14ms)
			ResolveRequiredComponents (3ms)
	FinalizeReload (527ms)
		ReleaseScriptCaches (0ms)
		RebuildScriptCaches (0ms)
		SetupLoadedEditorAssemblies (368ms)
			LogAssemblyErrors (0ms)
			InitializePlatformSupportModulesInManaged (17ms)
			SetLoadedEditorAssemblies (5ms)
			BeforeProcessingInitializeOnLoad (114ms)
			ProcessInitializeOnLoadAttributes (190ms)
			ProcessInitializeOnLoadMethodAttributes (40ms)
			AfterProcessingInitializeOnLoad (1ms)
			EditorAssembliesLoaded (0ms)
		ExecutionOrderSort2 (0ms)
		AwakeInstancesAfterBackupRestoration (4ms)
Refreshing native plugins compatible for Editor in 0.00 ms, found 0 plugins.
Preloading 0 native plugins for Editor in 0.00 ms.
Unloading 13 Unused Serialized files (Serialized files now loaded: 0)
Unloading 630 unused Assets / (1.8 MB). Loaded Objects now: 1269.
Memory consumption went from 79.0 MB to 77.2 MB.
Total: 5.273208 ms (FindLiveObjects: 0.329875 ms CreateObjectMapping: 0.026458 ms MarkObjects: 4.457333 ms  DeleteObjects: 0.458708 ms)

Prepare: number of updated asset objects reloaded= 0
========================================================================
Received Prepare
Begin MonoManager ReloadAssembly
Thread 0x16f3bb000 may have been prematurely finalized
- Loaded All Assemblies, in  0.253 seconds
Refreshing native plugins compatible for Editor in 0.00 ms, found 0 plugins.
Native extension for WindowsStandalone target not found
Native extension for OSXStandalone target not found
[Package Manager] Failed to launch server process. Reason: Unity was launched with the -noUpm command-line argument
[Package Manager] Unable to send message (not connected to server process).
[Package Manager] Cannot connect to Unity Package Manager local server
Mono: successfully reloaded assembly
- Finished resetting the current domain, in  0.430 seconds
Domain Reload Profiling: 683ms
	BeginReloadAssembly (152ms)
		ExecutionOrderSort (0ms)
		DisableScriptedObjects (8ms)
		BackupInstance (0ms)
		ReleaseScriptingObjects (0ms)
		CreateAndSetChildDomain (32ms)
	RebuildCommonClasses (37ms)
	RebuildNativeTypeToScriptingClass (14ms)
	initialDomainReloadingComplete (21ms)
	LoadAllAssembliesAndSetupDomain (29ms)
		LoadAssemblies (66ms)
		RebuildTransferFunctionScriptingTraits (0ms)
		AnalyzeDomain (23ms)
			TypeCache.Refresh (5ms)
				TypeCache.ScanAssembly (0ms)
			BuildScriptInfoCaches (13ms)
			ResolveRequiredComponents (3ms)
	FinalizeReload (430ms)
		ReleaseScriptCaches (0ms)
		RebuildScriptCaches (0ms)
		SetupLoadedEditorAssemblies (308ms)
			LogAssemblyErrors (0ms)
			InitializePlatformSupportModulesInManaged (12ms)
			SetLoadedEditorAssemblies (5ms)
			BeforeProcessingInitializeOnLoad (96ms)
			ProcessInitializeOnLoadAttributes (166ms)
			ProcessInitializeOnLoadMethodAttributes (27ms)
			AfterProcessingInitializeOnLoad (1ms)
			EditorAssembliesLoaded (0ms)
		ExecutionOrderSort2 (0ms)
		AwakeInstancesAfterBackupRestoration (4ms)
Refreshing native plugins compatible for Editor in 0.00 ms, found 0 plugins.
Preloading 0 native plugins for Editor in 0.00 ms.
Unloading 13 Unused Serialized files (Serialized files now loaded: 0)
Unloading 630 unused Assets / (1.7 MB). Loaded Objects now: 1269.
Memory consumption went from 82.0 MB to 80.3 MB.
Total: 6.003000 ms (FindLiveObjects: 0.091333 ms CreateObjectMapping: 0.035000 ms MarkObjects: 5.428666 ms  DeleteObjects: 0.447583 ms)

Prepare: number of updated asset objects reloaded= 0
========================================================================
Received Import Request.
  Time since last request: 455.100967 seconds.
  path: Assets/Prefabs/AAA Projectiles Vol 2 - 4 fire.prefab
  artifactKey: Guid(0d0bc694e04c34bd49fe0aef02116000) Importer(815301076,1909f56bfc062723c751e8b465ee728b)
Start importing Assets/Prefabs/AAA Projectiles Vol 2 - 4 fire.prefab using Guid(0d0bc694e04c34bd49fe0aef02116000) Importer(815301076,1909f56bfc062723c751e8b465ee728b) (PreviewImporter) -> (artifact id: '99792df3e1b1ec3e10c2a33871c1b445') in 0.12211425 seconds
Number of updated asset objects reloaded before import = 0Number of asset objects unloaded after import = 30

========================================================================
Received Prepare
Begin MonoManager ReloadAssembly
[Licensing::Client] Successfully resolved entitlement details
Thread 0x16f3bb000 may have been prematurely finalized
- Loaded All Assemblies, in  0.255 seconds
Refreshing native plugins compatible for Editor in 0.01 ms, found 0 plugins.
Native extension for WindowsStandalone target not found
Native extension for OSXStandalone target not found
[Package Manager] Failed to launch server process. Reason: Unity was launched with the -noUpm command-line argument
[Package Manager] Unable to send message (not connected to server process).
[Package Manager] Cannot connect to Unity Package Manager local server
Mono: successfully reloaded assembly
- Finished resetting the current domain, in  0.427 seconds
Domain Reload Profiling: 683ms
	BeginReloadAssembly (154ms)
		ExecutionOrderSort (0ms)
		DisableScriptedObjects (6ms)
		BackupInstance (0ms)
		ReleaseScriptingObjects (0ms)
		CreateAndSetChildDomain (32ms)
	RebuildCommonClasses (37ms)
	RebuildNativeTypeToScriptingClass (14ms)
	initialDomainReloadingComplete (18ms)
	LoadAllAssembliesAndSetupDomain (31ms)
		LoadAssemblies (71ms)
		RebuildTransferFunctionScriptingTraits (0ms)
		AnalyzeDomain (23ms)
			TypeCache.Refresh (6ms)
				TypeCache.ScanAssembly (0ms)
			BuildScriptInfoCaches (13ms)
			ResolveRequiredComponents (3ms)
	FinalizeReload (427ms)
		ReleaseScriptCaches (0ms)
		RebuildScriptCaches (0ms)
		SetupLoadedEditorAssemblies (307ms)
			LogAssemblyErrors (0ms)
			InitializePlatformSupportModulesInManaged (13ms)
			SetLoadedEditorAssemblies (4ms)
			BeforeProcessingInitializeOnLoad (94ms)
			ProcessInitializeOnLoadAttributes (160ms)
			ProcessInitializeOnLoadMethodAttributes (35ms)
			AfterProcessingInitializeOnLoad (1ms)
			EditorAssembliesLoaded (0ms)
		ExecutionOrderSort2 (0ms)
		AwakeInstancesAfterBackupRestoration (5ms)
Refreshing native plugins compatible for Editor in 0.00 ms, found 0 plugins.
Preloading 0 native plugins for Editor in 0.00 ms.
Unloading 13 Unused Serialized files (Serialized files now loaded: 0)
Unloading 630 unused Assets / (1.5 MB). Loaded Objects now: 1269.
Memory consumption went from 85.6 MB to 84.1 MB.
Total: 5.535542 ms (FindLiveObjects: 0.077041 ms CreateObjectMapping: 0.028667 ms MarkObjects: 5.011584 ms  DeleteObjects: 0.417667 ms)

Prepare: number of updated asset objects reloaded= 0
========================================================================
Received Prepare
Begin MonoManager ReloadAssembly
[Licensing::Client] Successfully resolved entitlement details
Thread 0x16f3bb000 may have been prematurely finalized
- Loaded All Assemblies, in  0.268 seconds
Refreshing native plugins compatible for Editor in 0.00 ms, found 0 plugins.
Native extension for WindowsStandalone target not found
Native extension for OSXStandalone target not found
[Package Manager] Failed to launch server process. Reason: Unity was launched with the -noUpm command-line argument
[Package Manager] Unable to send message (not connected to server process).
[Package Manager] Cannot connect to Unity Package Manager local server
Mono: successfully reloaded assembly
- Finished resetting the current domain, in  0.390 seconds
Domain Reload Profiling: 659ms
	BeginReloadAssembly (170ms)
		ExecutionOrderSort (0ms)
		DisableScriptedObjects (9ms)
		BackupInstance (0ms)
		ReleaseScriptingObjects (0ms)
		CreateAndSetChildDomain (35ms)
	RebuildCommonClasses (37ms)
	RebuildNativeTypeToScriptingClass (15ms)
	initialDomainReloadingComplete (18ms)
	LoadAllAssembliesAndSetupDomain (29ms)
		LoadAssemblies (74ms)
		RebuildTransferFunctionScriptingTraits (0ms)
		AnalyzeDomain (23ms)
			TypeCache.Refresh (5ms)
				TypeCache.ScanAssembly (0ms)
			BuildScriptInfoCaches (13ms)
			ResolveRequiredComponents (3ms)
	FinalizeReload (390ms)
		ReleaseScriptCaches (0ms)
		RebuildScriptCaches (0ms)
		SetupLoadedEditorAssemblies (268ms)
			LogAssemblyErrors (0ms)
			InitializePlatformSupportModulesInManaged (13ms)
			SetLoadedEditorAssemblies (5ms)
			BeforeProcessingInitializeOnLoad (83ms)
			ProcessInitializeOnLoadAttributes (132ms)
			ProcessInitializeOnLoadMethodAttributes (33ms)
			AfterProcessingInitializeOnLoad (1ms)
			EditorAssembliesLoaded (0ms)
		ExecutionOrderSort2 (0ms)
		AwakeInstancesAfterBackupRestoration (5ms)
Refreshing native plugins compatible for Editor in 0.00 ms, found 0 plugins.
Preloading 0 native plugins for Editor in 0.00 ms.
Unloading 13 Unused Serialized files (Serialized files now loaded: 0)
Unloading 630 unused Assets / (1.6 MB). Loaded Objects now: 1269.
Memory consumption went from 88.6 MB to 87.0 MB.
Total: 5.129000 ms (FindLiveObjects: 0.077000 ms CreateObjectMapping: 0.026292 ms MarkObjects: 4.604000 ms  DeleteObjects: 0.421208 ms)

Prepare: number of updated asset objects reloaded= 0
========================================================================
Received Prepare
Begin MonoManager ReloadAssembly
Thread 0x16f3bb000 may have been prematurely finalized
- Loaded All Assemblies, in  0.264 seconds
Refreshing native plugins compatible for Editor in 0.00 ms, found 0 plugins.
Native extension for WindowsStandalone target not found
Native extension for OSXStandalone target not found
[Package Manager] Failed to launch server process. Reason: Unity was launched with the -noUpm command-line argument
[Package Manager] Unable to send message (not connected to server process).
[Package Manager] Cannot connect to Unity Package Manager local server
Mono: successfully reloaded assembly
- Finished resetting the current domain, in  0.417 seconds
Domain Reload Profiling: 682ms
	BeginReloadAssembly (163ms)
		ExecutionOrderSort (0ms)
		DisableScriptedObjects (8ms)
		BackupInstance (0ms)
		ReleaseScriptingObjects (0ms)
		CreateAndSetChildDomain (33ms)
	RebuildCommonClasses (38ms)
	RebuildNativeTypeToScriptingClass (14ms)
	initialDomainReloadingComplete (18ms)
	LoadAllAssembliesAndSetupDomain (31ms)
		LoadAssemblies (77ms)
		RebuildTransferFunctionScriptingTraits (0ms)
		AnalyzeDomain (24ms)
			TypeCache.Refresh (5ms)
				TypeCache.ScanAssembly (0ms)
			BuildScriptInfoCaches (13ms)
			ResolveRequiredComponents (3ms)
	FinalizeReload (418ms)
		ReleaseScriptCaches (0ms)
		RebuildScriptCaches (0ms)
		SetupLoadedEditorAssemblies (294ms)
			LogAssemblyErrors (0ms)
			InitializePlatformSupportModulesInManaged (13ms)
			SetLoadedEditorAssemblies (5ms)
			BeforeProcessingInitializeOnLoad (86ms)
			ProcessInitializeOnLoadAttributes (153ms)
			ProcessInitializeOnLoadMethodAttributes (36ms)
			AfterProcessingInitializeOnLoad (1ms)
			EditorAssembliesLoaded (0ms)
		ExecutionOrderSort2 (0ms)
		AwakeInstancesAfterBackupRestoration (4ms)
Refreshing native plugins compatible for Editor in 0.00 ms, found 0 plugins.
Preloading 0 native plugins for Editor in 0.00 ms.
Unloading 13 Unused Serialized files (Serialized files now loaded: 0)
Unloading 630 unused Assets / (1.8 MB). Loaded Objects now: 1269.
Memory consumption went from 91.6 MB to 89.8 MB.
Total: 6.442416 ms (FindLiveObjects: 0.115875 ms CreateObjectMapping: 0.035875 ms MarkObjects: 5.828458 ms  DeleteObjects: 0.461209 ms)

Prepare: number of updated asset objects reloaded= 0
========================================================================
Received Import Request.
  Time since last request: 241.106532 seconds.
  path: Assets/Prefabs/AAA Projectiles Vol 2 - 4 fire.prefab
  artifactKey: Guid(0d0bc694e04c34bd49fe0aef02116000) Importer(815301076,1909f56bfc062723c751e8b465ee728b)
Start importing Assets/Prefabs/AAA Projectiles Vol 2 - 4 fire.prefab using Guid(0d0bc694e04c34bd49fe0aef02116000) Importer(815301076,1909f56bfc062723c751e8b465ee728b) (PreviewImporter) -> (artifact id: '2dbab47b9c5eab242c5c0e4b029f53c4') in 0.141101458 seconds
Number of updated asset objects reloaded before import = 0Number of asset objects unloaded after import = 30

========================================================================
Received Import Request.
  Time since last request: 7.712346 seconds.
  path: Assets/Prefabs/AAA Projectiles Vol 2 - 4 fire.prefab
  artifactKey: Guid(0d0bc694e04c34bd49fe0aef02116000) Importer(815301076,1909f56bfc062723c751e8b465ee728b)
Start importing Assets/Prefabs/AAA Projectiles Vol 2 - 4 fire.prefab using Guid(0d0bc694e04c34bd49fe0aef02116000) Importer(815301076,1909f56bfc062723c751e8b465ee728b) (PreviewImporter) -> (artifact id: 'ca1887dccef56ed92ea469da26266655') in 0.009502792 seconds
Number of updated asset objects reloaded before import = 0Number of asset objects unloaded after import = 30

========================================================================
Received Prepare
Begin MonoManager ReloadAssembly
[Licensing::Client] Successfully resolved entitlement details
Thread 0x16f3bb000 may have been prematurely finalized
- Loaded All Assemblies, in  0.260 seconds
Refreshing native plugins compatible for Editor in 0.00 ms, found 0 plugins.
Native extension for WindowsStandalone target not found
Native extension for OSXStandalone target not found
[Package Manager] Failed to launch server process. Reason: Unity was launched with the -noUpm command-line argument
[Package Manager] Unable to send message (not connected to server process).
[Package Manager] Cannot connect to Unity Package Manager local server
Mono: successfully reloaded assembly
- Finished resetting the current domain, in  0.367 seconds
Domain Reload Profiling: 627ms
	BeginReloadAssembly (161ms)
		ExecutionOrderSort (0ms)
		DisableScriptedObjects (5ms)
		BackupInstance (0ms)
		ReleaseScriptingObjects (0ms)
		CreateAndSetChildDomain (31ms)
	RebuildCommonClasses (38ms)
	RebuildNativeTypeToScriptingClass (15ms)
	initialDomainReloadingComplete (16ms)
	LoadAllAssembliesAndSetupDomain (31ms)
		LoadAssemblies (74ms)
		RebuildTransferFunctionScriptingTraits (0ms)
		AnalyzeDomain (24ms)
			TypeCache.Refresh (5ms)
				TypeCache.ScanAssembly (0ms)
			BuildScriptInfoCaches (14ms)
			ResolveRequiredComponents (3ms)
	FinalizeReload (367ms)
		ReleaseScriptCaches (0ms)
		RebuildScriptCaches (0ms)
		SetupLoadedEditorAssemblies (257ms)
			LogAssemblyErrors (0ms)
			InitializePlatformSupportModulesInManaged (12ms)
			SetLoadedEditorAssemblies (4ms)
			BeforeProcessingInitializeOnLoad (79ms)
			ProcessInitializeOnLoadAttributes (140ms)
			ProcessInitializeOnLoadMethodAttributes (21ms)
			AfterProcessingInitializeOnLoad (1ms)
			EditorAssembliesLoaded (0ms)
		ExecutionOrderSort2 (0ms)
		AwakeInstancesAfterBackupRestoration (3ms)
Refreshing native plugins compatible for Editor in 0.00 ms, found 0 plugins.
Preloading 0 native plugins for Editor in 0.00 ms.
Unloading 13 Unused Serialized files (Serialized files now loaded: 0)
Unloading 630 unused Assets / (1.8 MB). Loaded Objects now: 1269.
Memory consumption went from 95.3 MB to 93.4 MB.
Total: 18.502333 ms (FindLiveObjects: 0.292500 ms CreateObjectMapping: 0.038458 ms MarkObjects: 17.630292 ms  DeleteObjects: 0.540542 ms)

Prepare: number of updated asset objects reloaded= 0
========================================================================
Received Import Request.
  Time since last request: 109.978801 seconds.
  path: Assets/Prefabs/Cube.prefab
  artifactKey: Guid(8afc3d5fefe3f407f8ce1af0940ad279) Importer(815301076,1909f56bfc062723c751e8b465ee728b)
Start importing Assets/Prefabs/Cube.prefab using Guid(8afc3d5fefe3f407f8ce1af0940ad279) Importer(815301076,1909f56bfc062723c751e8b465ee728b) (PreviewImporter) -> (artifact id: '2c08b6bbcf508435798fa8ac63c1f279') in 0.126407125 seconds
Number of updated asset objects reloaded before import = 0Number of asset objects unloaded after import = 7

========================================================================
Received Import Request.
  Time since last request: 21.142857 seconds.
  path: Assets/Scripts/SimplePunch.cs
  artifactKey: Guid(7b14b6399d8a242ada6ae2ba23b0f058) Importer(815301076,1909f56bfc062723c751e8b465ee728b)
Start importing Assets/Scripts/SimplePunch.cs using Guid(7b14b6399d8a242ada6ae2ba23b0f058) Importer(815301076,1909f56bfc062723c751e8b465ee728b) (PreviewImporter) -> (artifact id: '39a3c9a39c533f858e873747925d1e85') in 0.000843417 seconds
Number of updated asset objects reloaded before import = 0Number of asset objects unloaded after import = 0

========================================================================
Received Prepare
Refreshing native plugins compatible for Editor in 0.00 ms, found 0 plugins.
Preloading 0 native plugins for Editor in 0.00 ms.
Unloading 13 Unused Serialized files (Serialized files now loaded: 0)
Unloading 629 unused Assets / (1.8 MB). Loaded Objects now: 1270.
Memory consumption went from 93.4 MB to 91.6 MB.
Total: 10.735916 ms (FindLiveObjects: 0.214084 ms CreateObjectMapping: 0.034875 ms MarkObjects: 10.047375 ms  DeleteObjects: 0.438834 ms)

Prepare: number of updated asset objects reloaded= 0
========================================================================
Received Prepare
Begin MonoManager ReloadAssembly
[Licensing::Client] Successfully resolved entitlement details
Thread 0x16f3bb000 may have been prematurely finalized
- Loaded All Assemblies, in  0.273 seconds
Refreshing native plugins compatible for Editor in 0.00 ms, found 0 plugins.
Native extension for WindowsStandalone target not found
Native extension for OSXStandalone target not found
[Package Manager] Failed to launch server process. Reason: Unity was launched with the -noUpm command-line argument
[Package Manager] Unable to send message (not connected to server process).
[Package Manager] Cannot connect to Unity Package Manager local server
Mono: successfully reloaded assembly
- Finished resetting the current domain, in  0.614 seconds
Domain Reload Profiling: 889ms
	BeginReloadAssembly (167ms)
		ExecutionOrderSort (0ms)
		DisableScriptedObjects (6ms)
		BackupInstance (0ms)
		ReleaseScriptingObjects (0ms)
		CreateAndSetChildDomain (30ms)
	RebuildCommonClasses (38ms)
	RebuildNativeTypeToScriptingClass (15ms)
	initialDomainReloadingComplete (21ms)
	LoadAllAssembliesAndSetupDomain (33ms)
		LoadAssemblies (81ms)
		RebuildTransferFunctionScriptingTraits (0ms)
		AnalyzeDomain (25ms)
			TypeCache.Refresh (8ms)
				TypeCache.ScanAssembly (1ms)
			BuildScriptInfoCaches (12ms)
			ResolveRequiredComponents (3ms)
	FinalizeReload (615ms)
		ReleaseScriptCaches (0ms)
		RebuildScriptCaches (0ms)
		SetupLoadedEditorAssemblies (433ms)
			LogAssemblyErrors (0ms)
			InitializePlatformSupportModulesInManaged (15ms)
			SetLoadedEditorAssemblies (5ms)
			BeforeProcessingInitializeOnLoad (99ms)
			ProcessInitializeOnLoadAttributes (249ms)
			ProcessInitializeOnLoadMethodAttributes (62ms)
			AfterProcessingInitializeOnLoad (3ms)
			EditorAssembliesLoaded (0ms)
		ExecutionOrderSort2 (0ms)
		AwakeInstancesAfterBackupRestoration (10ms)
Refreshing native plugins compatible for Editor in 0.00 ms, found 0 plugins.
Preloading 0 native plugins for Editor in 0.00 ms.
Unloading 13 Unused Serialized files (Serialized files now loaded: 0)
Unloading 629 unused Assets / (1.8 MB). Loaded Objects now: 1269.
Memory consumption went from 96.1 MB to 94.3 MB.
Total: 5.492167 ms (FindLiveObjects: 0.095709 ms CreateObjectMapping: 0.028959 ms MarkObjects: 4.860458 ms  DeleteObjects: 0.506292 ms)

Prepare: number of updated asset objects reloaded= 0
========================================================================
Received Import Request.
  Time since last request: 29.150428 seconds.
  path: Assets/Scripts/EnemyAI.cs
  artifactKey: Guid(97dda692beaac49c7b010da434d287ca) Importer(815301076,1909f56bfc062723c751e8b465ee728b)
Start importing Assets/Scripts/EnemyAI.cs using Guid(97dda692beaac49c7b010da434d287ca) Importer(815301076,1909f56bfc062723c751e8b465ee728b) (PreviewImporter) -> (artifact id: 'f328214f44efcdabfb93b4e79588b56d') in 0.002579125 seconds
Number of updated asset objects reloaded before import = 0Number of asset objects unloaded after import = 0

========================================================================
Received Prepare
Refreshing native plugins compatible for Editor in 0.00 ms, found 0 plugins.
Preloading 0 native plugins for Editor in 0.00 ms.
Unloading 13 Unused Serialized files (Serialized files now loaded: 0)
Unloading 625 unused Assets / (1.7 MB). Loaded Objects now: 1265.
Memory consumption went from 93.4 MB to 91.6 MB.
Total: 9.791000 ms (FindLiveObjects: 0.096541 ms CreateObjectMapping: 0.025708 ms MarkObjects: 9.252833 ms  DeleteObjects: 0.412250 ms)

Prepare: number of updated asset objects reloaded= 0
========================================================================
Received Prepare
Begin MonoManager ReloadAssembly
Thread 0x16f3bb000 may have been prematurely finalized
- Loaded All Assemblies, in  0.243 seconds
Refreshing native plugins compatible for Editor in 0.00 ms, found 0 plugins.
Native extension for WindowsStandalone target not found
Native extension for OSXStandalone target not found
[Package Manager] Failed to launch server process. Reason: Unity was launched with the -noUpm command-line argument
[Package Manager] Unable to send message (not connected to server process).
[Package Manager] Cannot connect to Unity Package Manager local server
Mono: successfully reloaded assembly
- Finished resetting the current domain, in  0.601 seconds
Domain Reload Profiling: 845ms
	BeginReloadAssembly (138ms)
		ExecutionOrderSort (0ms)
		DisableScriptedObjects (5ms)
		BackupInstance (0ms)
		ReleaseScriptingObjects (0ms)
		CreateAndSetChildDomain (25ms)
	RebuildCommonClasses (38ms)
	RebuildNativeTypeToScriptingClass (15ms)
	initialDomainReloadingComplete (19ms)
	LoadAllAssembliesAndSetupDomain (34ms)
		LoadAssemblies (69ms)
		RebuildTransferFunctionScriptingTraits (0ms)
		AnalyzeDomain (27ms)
			TypeCache.Refresh (9ms)
				TypeCache.ScanAssembly (1ms)
			BuildScriptInfoCaches (13ms)
			ResolveRequiredComponents (3ms)
	FinalizeReload (602ms)
		ReleaseScriptCaches (0ms)
		RebuildScriptCaches (0ms)
		SetupLoadedEditorAssemblies (442ms)
			LogAssemblyErrors (0ms)
			InitializePlatformSupportModulesInManaged (15ms)
			SetLoadedEditorAssemblies (6ms)
			BeforeProcessingInitializeOnLoad (99ms)
			ProcessInitializeOnLoadAttributes (253ms)
			ProcessInitializeOnLoadMethodAttributes (67ms)
			AfterProcessingInitializeOnLoad (2ms)
			EditorAssembliesLoaded (0ms)
		ExecutionOrderSort2 (0ms)
		AwakeInstancesAfterBackupRestoration (9ms)
Refreshing native plugins compatible for Editor in 0.00 ms, found 0 plugins.
Preloading 0 native plugins for Editor in 0.00 ms.
Unloading 13 Unused Serialized files (Serialized files now loaded: 0)
Unloading 625 unused Assets / (1.8 MB). Loaded Objects now: 1265.
Memory consumption went from 96.2 MB to 94.4 MB.
Total: 5.361917 ms (FindLiveObjects: 0.099375 ms CreateObjectMapping: 0.050375 ms MarkObjects: 4.814833 ms  DeleteObjects: 0.396958 ms)

Prepare: number of updated asset objects reloaded= 0
========================================================================
Received Import Request.
  Time since last request: 30.614151 seconds.
  path: Assets/ProjectileLogic.cs
  artifactKey: Guid(5491bc9b6b52247ac93b08d63d7ea5e9) Importer(815301076,1909f56bfc062723c751e8b465ee728b)
Start importing Assets/ProjectileLogic.cs using Guid(5491bc9b6b52247ac93b08d63d7ea5e9) Importer(815301076,1909f56bfc062723c751e8b465ee728b) (PreviewImporter) -> (artifact id: '68ed48c968cbd536355303a3bdb7c190') in 0.001499542 seconds
Number of updated asset objects reloaded before import = 0Number of asset objects unloaded after import = 0

========================================================================
Received Import Request.
  Time since last request: 37.631300 seconds.
  path: Assets/Prefabs/Cube.prefab
  artifactKey: Guid(8afc3d5fefe3f407f8ce1af0940ad279) Importer(815301076,1909f56bfc062723c751e8b465ee728b)
Start importing Assets/Prefabs/Cube.prefab using Guid(8afc3d5fefe3f407f8ce1af0940ad279) Importer(815301076,1909f56bfc062723c751e8b465ee728b) (PreviewImporter) -> (artifact id: 'a36c2689cbbb4c38baeb92d1b76cc281') in 0.08968975 seconds
Number of updated asset objects reloaded before import = 0Number of asset objects unloaded after import = 8

========================================================================
Received Prepare
Begin MonoManager ReloadAssembly
[Licensing::Client] Successfully resolved entitlement details
Thread 0x16f3bb000 may have been prematurely finalized
- Loaded All Assemblies, in  0.261 seconds
Refreshing native plugins compatible for Editor in 0.00 ms, found 0 plugins.
Native extension for WindowsStandalone target not found
Native extension for OSXStandalone target not found
[Package Manager] Failed to launch server process. Reason: Unity was launched with the -noUpm command-line argument
[Package Manager] Unable to send message (not connected to server process).
[Package Manager] Cannot connect to Unity Package Manager local server
Mono: successfully reloaded assembly
- Finished resetting the current domain, in  0.388 seconds
Domain Reload Profiling: 650ms
	BeginReloadAssembly (158ms)
		ExecutionOrderSort (0ms)
		DisableScriptedObjects (8ms)
		BackupInstance (0ms)
		ReleaseScriptingObjects (0ms)
		CreateAndSetChildDomain (33ms)
	RebuildCommonClasses (37ms)
	RebuildNativeTypeToScriptingClass (14ms)
	initialDomainReloadingComplete (19ms)
	LoadAllAssembliesAndSetupDomain (33ms)
		LoadAssemblies (76ms)
		RebuildTransferFunctionScriptingTraits (0ms)
		AnalyzeDomain (24ms)
			TypeCache.Refresh (6ms)
				TypeCache.ScanAssembly (0ms)
			BuildScriptInfoCaches (13ms)
			ResolveRequiredComponents (3ms)
	FinalizeReload (388ms)
		ReleaseScriptCaches (0ms)
		RebuildScriptCaches (0ms)
		SetupLoadedEditorAssemblies (276ms)
			LogAssemblyErrors (0ms)
			InitializePlatformSupportModulesInManaged (13ms)
			SetLoadedEditorAssemblies (4ms)
			BeforeProcessingInitializeOnLoad (81ms)
			ProcessInitializeOnLoadAttributes (147ms)
			ProcessInitializeOnLoadMethodAttributes (31ms)
			AfterProcessingInitializeOnLoad (1ms)
			EditorAssembliesLoaded (0ms)
		ExecutionOrderSort2 (0ms)
		AwakeInstancesAfterBackupRestoration (3ms)
Refreshing native plugins compatible for Editor in 0.00 ms, found 0 plugins.
Preloading 0 native plugins for Editor in 0.00 ms.
Unloading 13 Unused Serialized files (Serialized files now loaded: 0)
Unloading 625 unused Assets / (1.8 MB). Loaded Objects now: 1265.
Memory consumption went from 99.8 MB to 98.0 MB.
Total: 5.767375 ms (FindLiveObjects: 0.083625 ms CreateObjectMapping: 0.028333 ms MarkObjects: 5.227542 ms  DeleteObjects: 0.427250 ms)

Prepare: number of updated asset objects reloaded= 0
========================================================================
Received Prepare
Begin MonoManager ReloadAssembly
[Licensing::Client] Successfully resolved entitlement details
Thread 0x16f3bb000 may have been prematurely finalized
- Loaded All Assemblies, in  0.288 seconds
Refreshing native plugins compatible for Editor in 0.00 ms, found 0 plugins.
Native extension for WindowsStandalone target not found
Native extension for OSXStandalone target not found
[Package Manager] Failed to launch server process. Reason: Unity was launched with the -noUpm command-line argument
[Package Manager] Unable to send message (not connected to server process).
[Package Manager] Cannot connect to Unity Package Manager local server
Mono: successfully reloaded assembly
- Finished resetting the current domain, in  0.432 seconds
Domain Reload Profiling: 721ms
	BeginReloadAssembly (188ms)
		ExecutionOrderSort (0ms)
		DisableScriptedObjects (8ms)
		BackupInstance (0ms)
		ReleaseScriptingObjects (0ms)
		CreateAndSetChildDomain (35ms)
	RebuildCommonClasses (37ms)
	RebuildNativeTypeToScriptingClass (14ms)
	initialDomainReloadingComplete (19ms)
	LoadAllAssembliesAndSetupDomain (31ms)
		LoadAssemblies (72ms)
		RebuildTransferFunctionScriptingTraits (0ms)
		AnalyzeDomain (23ms)
			TypeCache.Refresh (6ms)
				TypeCache.ScanAssembly (0ms)
			BuildScriptInfoCaches (13ms)
			ResolveRequiredComponents (3ms)
	FinalizeReload (432ms)
		ReleaseScriptCaches (0ms)
		RebuildScriptCaches (0ms)
		SetupLoadedEditorAssemblies (309ms)
			LogAssemblyErrors (0ms)
			InitializePlatformSupportModulesInManaged (13ms)
			SetLoadedEditorAssemblies (5ms)
			BeforeProcessingInitializeOnLoad (90ms)
			ProcessInitializeOnLoadAttributes (161ms)
			ProcessInitializeOnLoadMethodAttributes (38ms)
			AfterProcessingInitializeOnLoad (2ms)
			EditorAssembliesLoaded (0ms)
		ExecutionOrderSort2 (0ms)
		AwakeInstancesAfterBackupRestoration (5ms)
Refreshing native plugins compatible for Editor in 0.00 ms, found 0 plugins.
Preloading 0 native plugins for Editor in 0.00 ms.
Unloading 13 Unused Serialized files (Serialized files now loaded: 0)
Unloading 625 unused Assets / (1.8 MB). Loaded Objects now: 1265.
Memory consumption went from 102.7 MB to 101.0 MB.
Total: 7.793125 ms (FindLiveObjects: 0.094333 ms CreateObjectMapping: 0.032708 ms MarkObjects: 6.988375 ms  DeleteObjects: 0.677084 ms)

Prepare: number of updated asset objects reloaded= 0
